SF:lib\src\collection.dart
DA:15,1
DA:25,1
DA:26,3
DA:27,1
DA:28,2
DA:30,1
DA:31,2
DA:32,2
DA:34,2
DA:35,2
DA:36,2
DA:37,2
DA:45,0
DA:46,0
DA:47,0
DA:51,0
DA:52,0
DA:53,0
DA:54,0
DA:55,0
DA:56,0
DA:57,0
DA:58,0
DA:59,0
DA:60,0
DA:66,1
DA:67,3
LF:27
LH:14
end_of_record
SF:lib\src\persistence.dart
DA:9,1
DA:11,2
DA:12,3
DA:19,1
DA:20,2
DA:21,3
DA:24,0
DA:25,0
DA:26,0
DA:27,0
DA:30,1
DA:31,2
DA:32,3
DA:36,0
DA:37,0
DA:38,0
LF:16
LH:9
end_of_record
SF:lib\src\nativlayer.dart
DA:10,1
DA:12,1
DA:15,1
DA:21,0
DA:22,0
DA:26,1
DA:29,2
DA:32,0
DA:37,1
DA:40,2
DA:43,0
DA:48,1
DA:51,2
DA:54,0
DA:59,1
DA:62,2
DA:65,0
DA:70,0
DA:73,0
DA:76,0
LF:20
LH:11
end_of_record
SF:lib\src\session.dart
DA:12,0
DA:13,0
DA:16,0
DA:17,0
DA:22,0
DA:23,0
DA:25,0
DA:26,0
DA:27,0
DA:31,0
DA:32,0
DA:33,0
DA:34,0
DA:39,0
DA:40,0
DA:41,0
LF:16
LH:0
end_of_record
